<?xml version="1.0" encoding="UTF-8"?>
<testsuite xmlns:xsi="http://www.w3.org/2001/XMLSchema-instance" xsi:noNamespaceSchemaLocation="https://maven.apache.org/surefire/maven-surefire-plugin/xsd/surefire-test-report-3.0.xsd" version="3.0" name="fr.istic.vv.StringUtilsTest" time="0.137" tests="10" errors="0" skipped="0" failures="0">
  <properties>
    <property name="java.specification.version" value="21"/>
    <property name="sun.cpu.isalist" value="amd64"/>
    <property name="sun.jnu.encoding" value="Cp1252"/>
    <property name="java.class.path" value="C:\Users\celia\Documents\ESIR\Cycle ingé\ESIR2\ESIR2-S7\VV\TP\VV-ESIR-TP3\code\tp3-balanced-strings\target\test-classes;C:\Users\celia\Documents\ESIR\Cycle ingé\ESIR2\ESIR2-S7\VV\TP\VV-ESIR-TP3\code\tp3-balanced-strings\target\classes;C:\Users\celia\.m2\repository\org\junit\jupiter\junit-jupiter\5.6.2\junit-jupiter-5.6.2.jar;C:\Users\celia\.m2\repository\org\junit\jupiter\junit-jupiter-api\5.6.2\junit-jupiter-api-5.6.2.jar;C:\Users\celia\.m2\repository\org\apiguardian\apiguardian-api\1.1.0\apiguardian-api-1.1.0.jar;C:\Users\celia\.m2\repository\org\opentest4j\opentest4j\1.2.0\opentest4j-1.2.0.jar;C:\Users\celia\.m2\repository\org\junit\platform\junit-platform-commons\1.6.2\junit-platform-commons-1.6.2.jar;C:\Users\celia\.m2\repository\org\junit\jupiter\junit-jupiter-params\5.6.2\junit-jupiter-params-5.6.2.jar;C:\Users\celia\.m2\repository\org\junit\jupiter\junit-jupiter-engine\5.6.2\junit-jupiter-engine-5.6.2.jar;C:\Users\celia\.m2\repository\org\junit\platform\junit-platform-engine\1.6.2\junit-platform-engine-1.6.2.jar;"/>
    <property name="java.vm.vendor" value="Oracle Corporation"/>
    <property name="sun.arch.data.model" value="64"/>
    <property name="user.variant" value=""/>
    <property name="java.vendor.url" value="https://java.oracle.com/"/>
    <property name="user.timezone" value="Europe/Paris"/>
    <property name="os.name" value="Windows 11"/>
    <property name="java.vm.specification.version" value="21"/>
    <property name="sun.java.launcher" value="SUN_STANDARD"/>
    <property name="user.country" value="FR"/>
    <property name="sun.boot.library.path" value="C:\Program Files\Java\jdk-21\bin"/>
    <property name="sun.java.command" value="C:\Users\celia\AppData\Local\Temp\surefire17336900447640058545\surefirebooter830431811600287098.jar C:\Users\celia\AppData\Local\Temp\surefire17336900447640058545 2024-10-06T20-31-28_125-jvmRun1 surefire11151342593216058384tmp surefire_06773583642459565698tmp"/>
    <property name="jdk.debug" value="release"/>
    <property name="surefire.test.class.path" value="C:\Users\celia\Documents\ESIR\Cycle ingé\ESIR2\ESIR2-S7\VV\TP\VV-ESIR-TP3\code\tp3-balanced-strings\target\test-classes;C:\Users\celia\Documents\ESIR\Cycle ingé\ESIR2\ESIR2-S7\VV\TP\VV-ESIR-TP3\code\tp3-balanced-strings\target\classes;C:\Users\celia\.m2\repository\org\junit\jupiter\junit-jupiter\5.6.2\junit-jupiter-5.6.2.jar;C:\Users\celia\.m2\repository\org\junit\jupiter\junit-jupiter-api\5.6.2\junit-jupiter-api-5.6.2.jar;C:\Users\celia\.m2\repository\org\apiguardian\apiguardian-api\1.1.0\apiguardian-api-1.1.0.jar;C:\Users\celia\.m2\repository\org\opentest4j\opentest4j\1.2.0\opentest4j-1.2.0.jar;C:\Users\celia\.m2\repository\org\junit\platform\junit-platform-commons\1.6.2\junit-platform-commons-1.6.2.jar;C:\Users\celia\.m2\repository\org\junit\jupiter\junit-jupiter-params\5.6.2\junit-jupiter-params-5.6.2.jar;C:\Users\celia\.m2\repository\org\junit\jupiter\junit-jupiter-engine\5.6.2\junit-jupiter-engine-5.6.2.jar;C:\Users\celia\.m2\repository\org\junit\platform\junit-platform-engine\1.6.2\junit-platform-engine-1.6.2.jar;"/>
    <property name="sun.cpu.endian" value="little"/>
    <property name="user.home" value="C:\Users\celia"/>
    <property name="user.language" value="fr"/>
    <property name="java.specification.vendor" value="Oracle Corporation"/>
    <property name="java.version.date" value="2024-07-16"/>
    <property name="java.home" value="C:\Program Files\Java\jdk-21"/>
    <property name="file.separator" value="\"/>
    <property name="basedir" value="C:\Users\celia\Documents\ESIR\Cycle ingé\ESIR2\ESIR2-S7\VV\TP\VV-ESIR-TP3\code\tp3-balanced-strings"/>
    <property name="java.vm.compressedOopsMode" value="Zero based"/>
    <property name="line.separator" value="&#10;"/>
    <property name="java.vm.specification.vendor" value="Oracle Corporation"/>
    <property name="java.specification.name" value="Java Platform API Specification"/>
    <property name="surefire.real.class.path" value="C:\Users\celia\AppData\Local\Temp\surefire17336900447640058545\surefirebooter830431811600287098.jar"/>
    <property name="user.script" value=""/>
    <property name="sun.management.compiler" value="HotSpot 64-Bit Tiered Compilers"/>
    <property name="java.runtime.version" value="21.0.4+8-LTS-274"/>
    <property name="user.name" value="celia"/>
    <property name="stdout.encoding" value="Cp1252"/>
    <property name="path.separator" value=";"/>
    <property name="os.version" value="10.0"/>
    <property name="java.runtime.name" value="Java(TM) SE Runtime Environment"/>
    <property name="file.encoding" value="UTF-8"/>
    <property name="java.vm.name" value="Java HotSpot(TM) 64-Bit Server VM"/>
    <property name="localRepository" value="C:\Users\celia\.m2\repository"/>
    <property name="java.vendor.url.bug" value="https://bugreport.java.com/bugreport/"/>
    <property name="java.io.tmpdir" value="C:\Users\celia\AppData\Local\Temp\"/>
    <property name="java.version" value="21.0.4"/>
    <property name="user.dir" value="C:\Users\celia\Documents\ESIR\Cycle ingé\ESIR2\ESIR2-S7\VV\TP\VV-ESIR-TP3\code\tp3-balanced-strings"/>
    <property name="os.arch" value="amd64"/>
    <property name="java.vm.specification.name" value="Java Virtual Machine Specification"/>
    <property name="sun.os.patch.level" value=""/>
    <property name="native.encoding" value="Cp1252"/>
    <property name="java.library.path" value="C:\Program Files\Java\jdk-21\bin;C:\WINDOWS\Sun\Java\bin;C:\WINDOWS\system32;C:\WINDOWS;C:\Windows\system32;C:\Windows;C:\Windows\System32\Wbem;C:\Windows\System32\WindowsPowerShell\v1.0\;C:\Windows\System32\OpenSSH\;C:\Program Files (x86)\NVIDIA Corporation\PhysX\Common;C:\Program Files\NVIDIA Corporation\NVIDIA NvDLISR;C:\WINDOWS\system32;C:\WINDOWS;C:\WINDOWS\System32\Wbem;C:\WINDOWS\System32\WindowsPowerShell\v1.0\;C:\WINDOWS\System32\OpenSSH\;C:\Program Files\Graphviz\bin;C:\Users\celia\Documents\ESIR\Cycle ingé\ESIR1\S6\BDD\sqlite3;C:\Program Files\Git\cmd;C:\Program Files\nodejs\;C:\Program Files\Docker\Docker\resources\bin;C:\Users\celia\AppData\Local\Microsoft\WindowsApps;C:\Users\celia\AppData\Local\Programs\Microsoft VS Code\bin;C:\msys64\ucrt64\bin;C:\Program Files\JetBrains\CLion 2024.1.1\bin;;C:\Users\celia\AppData\Roaming\npm;C:\maven\bin;C:\Program Files\Java\jdk-21\bin;C:\pmd\bin;;."/>
    <property name="java.vm.info" value="mixed mode, sharing"/>
    <property name="stderr.encoding" value="Cp1252"/>
    <property name="java.vendor" value="Oracle Corporation"/>
    <property name="java.vm.version" value="21.0.4+8-LTS-274"/>
    <property name="sun.io.unicode.encoding" value="UnicodeLittle"/>
    <property name="java.class.version" value="65.0"/>
  </properties>
  <testcase name="isBalancedBlock1Characters" classname="fr.istic.vv.StringUtilsTest" time="0.081"/>
  <testcase name="isBalancedBlock1Types" classname="fr.istic.vv.StringUtilsTest" time="0.003"/>
  <testcase name="isBalancedBlock2Types" classname="fr.istic.vv.StringUtilsTest" time="0.001"/>
  <testcase name="isBalancedBlock3Types" classname="fr.istic.vv.StringUtilsTest" time="0.002"/>
  <testcase name="isBalancedBlock1Length" classname="fr.istic.vv.StringUtilsTest" time="0.001"/>
  <testcase name="isBalancedBlock2Characters" classname="fr.istic.vv.StringUtilsTest" time="0.001"/>
  <testcase name="isBalancedBlock1Correctness" classname="fr.istic.vv.StringUtilsTest" time="0.001"/>
  <testcase name="isBalancedBlock2Length" classname="fr.istic.vv.StringUtilsTest" time="0.003"/>
  <testcase name="isBalancedBlock2Correctness" classname="fr.istic.vv.StringUtilsTest" time="0.001"/>
  <testcase name="isBalancedBlock3Length" classname="fr.istic.vv.StringUtilsTest" time="0.001"/>
</testsuite>